<?xml version="1.0" encoding="UTF-8"?>
<!-- Generated by org.testng.reporters.JUnitXMLReporter -->
<testsuite ignored="0" hostname="TYSS-Chaithra" failures="0" tests="2" name="Test-Runner-Firefox" time="59.52" errors="0" timestamp="2023-07-25T20:57:49 IST">
  <testcase classname="vtiger.OrganizationsTests.CreateOrganizationWithIndustryTest" name="createOrgWithInsustryTest" time="22.33"/>
  <testcase classname="vtiger.OrganizationsTests.CreateOrganizationWithIndustryTest" name="sampleTest" time="0.004"/>
</testsuite> <!-- Test-Runner-Firefox -->
