<?xml version="1.0" encoding="UTF-8"?>
<!-- Generated by org.testng.reporters.JUnitXMLReporter -->
<testsuite ignored="0" hostname="TYSS-Chaithra" failures="0" tests="2" name="Test-Runner-2" time="0.188" errors="0" timestamp="2023-07-25T20:56:24 IST">
  <testcase classname="vtiger.OrganizationsTests.CreateOrganizationWithIndustryTest" name="createOrgWithInsustryTest" time="0.0">
    <skipped/>
  </testcase> <!-- createOrgWithInsustryTest -->
  <testcase classname="vtiger.OrganizationsTests.CreateOrganizationWithIndustryTest" name="sampleTest" time="0.0">
    <skipped/>
  </testcase> <!-- sampleTest -->
</testsuite> <!-- Test-Runner-2 -->
