<?xml version="1.0" encoding="UTF-8"?>
<!-- Generated by org.testng.reporters.JUnitReportReporter -->
<testsuite hostname="TYSS-Chaithra" failures="0" tests="3" name="vtiger.Practice.DataProviderPractice" time="0.011" errors="0" timestamp="2023-07-18T20:10:50 IST" skipped="0">
  <testcase classname="vtiger.Practice.DataProviderPractice" name="addToCartTest" time="0.001"/>
  <system-out/>
  <testcase classname="vtiger.Practice.DataProviderPractice" name="addToCartTest" time="0.009"/>
  <system-out/>
  <testcase classname="vtiger.Practice.DataProviderPractice" name="addToCartTest" time="0.001"/>
  <system-out/>
</testsuite> <!-- vtiger.Practice.DataProviderPractice -->
